==== LHAPDF6 USING DEFAULT-TYPE LHAGLUE INTERFACE ====
LHAPDF 6.2.1 loading /cvmfs/cms.cern.ch/slc7_amd64_gcc700/external/lhapdf/6.2.1-pafccj3/share/LHAPDF/NNPDF31_nnlo_as_0118_mc_hessian_pdfas/NNPDF31_nnlo_as_0118_mc_hessian_pdfas_0000.dat
NNPDF31_nnlo_as_0118_mc_hessian_pdfas PDF set, member #0, version 1; LHAPDF ID = 325300
 Process in group number            1
 A PDF is used, so alpha_s(MZ) is going to be modified
 Old value of alpha_s from param_card:   0.11790000000000000     
 New value of alpha_s from PDF lhapdf :  0.11800208008122040     
 using LHAPDF
 Warning! ptj set to xqcut=   10.000000000000000       to improve integration efficiency
 Note that this might affect non-radiated jets,
 e.g. from decays. Use cut_decays=F in run_card.
 Warning! mmjj set to xqcut=   10.000000000000000       to improve integration efficiency
 Note that this might affect non-radiated jets,
 e.g. from decays. Use cut_decays=F in run_card.
 Define smin to   100.00000000000000     
 Define smin to   100.00000000000000     
 *****************************************************
 *               MadGraph/MadEvent                   *
 *        --------------------------------           *
 *          http://madgraph.hep.uiuc.edu             *
 *          http://madgraph.phys.ucl.ac.be           *
 *          http://madgraph.roma2.infn.it            *
 *        --------------------------------           *
 *                                                   *
 *          PARAMETER AND COUPLING VALUES            *
 *                                                   *
 *****************************************************

  External Params
  ---------------------------------
  
 mdl_ctGRe =    9.9999999999999994E-012
 mdl_ctWRe =    3.0000000000000000E-011
 mdl_ctBRe =    5.0000000000000002E-011
 mdl_cHt =    8.9999999999999999E-011
 mdl_cHtbRe =    7.0000000000000004E-011
 mdl_cQj11 =    1.6999999999999999E-011
 mdl_cQj18 =    1.5000000000000000E-011
 mdl_cQj31 =    1.7999999999999999E-011
 mdl_cQj38 =    1.6000000000000000E-011
 mdl_cQQ8 =    1.0000000000000000E-010
 mdl_ctu1 =    2.6000000000000001E-011
 mdl_ctu8 =    2.0999999999999999E-011
 mdl_ctd1 =    2.7000000000000000E-011
 mdl_ctd8 =    2.2000000000000002E-011
 mdl_cQu1 =    2.8000000000000000E-011
 mdl_cQu8 =    2.4000000000000001E-011
 mdl_cQt1 =    1.0000000000000000E-010
 mdl_cQd1 =    2.9000000000000000E-011
 mdl_cQd8 =    2.5000000000000001E-011
 mdl_ctGIm =    1.9999999999999999E-011
 mdl_ctWIm =    3.9999999999999998E-011
 mdl_ctBIm =    6.0000000000000000E-011
 mdl_cHtbIm =    7.9999999999999995E-011
 mdl_LambdaSMEFT =    1000.0000000000000     
 mdl_MW =    80.387000000000000     
 mdl_Gf =    1.1663789999999999E-005
 aS =   0.11790000000000000     
 mdl_ymb =    4.1799999999999997     
 mdl_ymt =    172.75999999999999     
 mdl_MZ =    91.187600000000003     
 mdl_MT =    172.75999999999999     
 mdl_MB =    4.1799999999999997     
 mdl_MH =    125.09000000000000     
 mdl_WZ =    2.4952000000000001     
 mdl_WW =    2.0850000000000000     
 mdl_WT =    1.3300000000000001     
 mdl_WH =    4.0699999999999998E-003
  Internal Params
  ---------------------------------
  
 mdl_cQt8 =    3.0000000000000000E-011
 mdl_cHQ3 =    0.0000000000000000     
 mdl_cH =    0.0000000000000000     
 mdl_conjg__cbH =    0.0000000000000000     
 mdl_dGf =    0.0000000000000000     
 mdl_cbWRe =    0.0000000000000000     
 mdl_dMH2 =    0.0000000000000000     
 mdl_conjg__ctHH =    0.0000000000000000     
 mdl_dg1 =    0.0000000000000000     
 mdl_cHB =    0.0000000000000000     
 mdl_cHW =    0.0000000000000000     
 mdl_dgw =    0.0000000000000000     
 mdl_complexi =                (0.0000000000000000,1.0000000000000000)
 mdl_ctG =    (9.99999999999999939E-012,1.99999999999999988E-011)
 mdl_ctW =    (2.99999999999999998E-011,3.99999999999999976E-011)
 mdl_ctB =    (5.00000000000000018E-011,5.99999999999999996E-011)
 mdl_cHtb =    (7.00000000000000038E-011,7.99999999999999952E-011)
 mdl_MWsm =    80.387000000000000     
 mdl_MW__exp__2 =    6462.0697689999997     
 mdl_MZ__exp__2 =    8315.1783937600012     
 mdl_sqrt__2 =    1.4142135623730951     
 mdl_nb__2__exp__0_25 =    1.1892071150027210     
 mdl_MH__exp__2 =    15647.508100000001     
 mdl_sth2 =   0.22285855299877133     
 mdl_nb__10__exp___m_40 =    9.9999999999999993E-041
 mdl_MZ1 =    91.187600000000003     
 mdl_MH1 =    125.09000000000000     
 mdl_MT1 =    172.75999999999999     
 mdl_WZ1 =    2.4952000000000001     
 mdl_WW1 =    2.0850000000000000     
 mdl_WH1 =    4.0699999999999998E-003
 mdl_WT1 =    1.3300000000000001     
 mdl_cth =   0.88155626422890820     
 mdl_MW1 =    80.387000000000000     
 mdl_sqrt__sth2 =   0.47207896902824564     
 mdl_sth =   0.47207896902824564     
 mdl_LambdaSMEFT__exp__2 =    1000000.0000000000     
 mdl_MT__exp__2 =    29846.017599999996     
 mdl_MH__exp__6 =    3831206449390.3818     
 mdl_MWsm__exp__6 =    269845343347.69711     
 mdl_MH__exp__4 =    244844509.73956564     
 mdl_MWsm__exp__4 =    41758345.699423708     
 mdl_MWsm__exp__2 =    6462.0697689999997     
 mdl_MZ__exp__4 =    69142191.720053151     
 mdl_MZ__exp__6 =    574929658687.79749     
 mdl_cth__exp__2 =   0.77714144700122867     
 mdl_sth__exp__2 =   0.22285855299877130     
 mdl_MB__exp__2 =    17.472399999999997     
 mdl_MZ__exp__3 =    758241.16129882948     
 mdl_sth__exp__4 =    4.9665934644706158E-002
 mdl_sth__exp__6 =    1.1068478328250760E-002
 mdl_sth__exp__3 =   0.10520683593878660     
 mdl_sth__exp__5 =    2.3446243222897113E-002
 mdl_cth__exp__3 =   0.68509391079585125     
 mdl_aEW =    7.5614618607353409E-003
 mdl_sqrt__Gf =    3.4152291284773265E-003
 mdl_vevhat =    246.21961912951551     
 mdl_lam =   0.12905352724481209     
 mdl_sqrt__aEW =    8.6956666568672819E-002
 mdl_ee =   0.30825335704310214     
 mdl_yb =    2.4008698866559607E-002
 mdl_yt =   0.99228297037962632     
 mdl_vevhat__exp__2 =    60624.100844283676     
 mdl_vevT =    246.21961912951551     
 mdl_g1 =   0.34966952144878632     
 mdl_gw =   0.65296989967087182     
 mdl_yb0 =          (2.40086988665596072E-002,0.0000000000000000)
 mdl_yt0 =               (0.99228297037962632,0.0000000000000000)
 mdl_ee__exp__2 =    9.5020132128342205E-002
 mdl_gHaa =   -1.9312250240531351E-003
 mdl_gHza =   -6.8562264784117729E-003
 mdl_barlam =   0.12905352724481209     
 mdl_dWT =   -6.5076395941683845E-012
 mdl_gwsh =   0.65296989967087182     
 mdl_vev =    246.21961912951551     
 mdl_g1sh =   0.34966952144878632     
 mdl_ee__exp__3 =    2.9290274715240611E-002
 mdl_vevhat__exp__3 =    14926843.019948866     
  Internal Params evaluated point by point
  ----------------------------------------
  
 mdl_sqrt__aS =   0.34336569426778790     
 mdl_gHgg2 =   -3.6486270703817007E-004
 mdl_gHgg4 =    1.0424648772519146E-004
 mdl_gHgg5 =    1.8764367790534461E-003
 mdl_G__exp__2 =    1.4815750954329465     
 mdl_gHgg1 =    3.1273946317557436E-003
 mdl_gHgg3 =    7.6133275785037098E-004
 mdl_G__exp__3 =                (1.8033727530176447,0.0000000000000000)
  Couplings of SMEFTsim_topU3l_MwScheme_UFO-massless_2t
  ---------------------------------
  
       GC_385 =   0.00000E+00   0.42384E-14
       GC_386 =   0.21192E-14   0.00000E+00
         GC_6 =  -0.00000E+00  -0.12172E+01
         GC_7 =   0.12172E+01   0.00000E+00
         GC_8 =   0.00000E+00   0.14816E+01
        GC_64 =   0.00000E+00   0.29000E-16
        GC_65 =   0.00000E+00   0.25000E-16
        GC_67 =   0.00000E+00   0.17000E-16
        GC_68 =   0.00000E+00   0.15000E-16
        GC_69 =  -0.00000E+00  -0.18000E-16
        GC_70 =   0.00000E+00   0.18000E-16
        GC_72 =  -0.00000E+00  -0.16000E-16
        GC_73 =   0.00000E+00   0.16000E-16
        GC_80 =   0.00000E+00   0.20000E-15
        GC_81 =   0.00000E+00   0.10000E-15
        GC_82 =   0.00000E+00   0.30000E-16
        GC_91 =   0.00000E+00   0.28000E-16
        GC_92 =   0.00000E+00   0.24000E-16
        GC_95 =   0.00000E+00   0.27000E-16
        GC_96 =   0.00000E+00   0.22000E-16
        GC_98 =  -0.14142E-16   0.00000E+00
        GC_99 =   0.00000E+00   0.70711E-17
       GC_116 =   0.00000E+00   0.26000E-16
       GC_117 =   0.00000E+00   0.21000E-16
         GC_1 =   0.00000E+00   0.10275E+00
         GC_2 =  -0.00000E+00  -0.20550E+00
       GC_202 =  -0.00000E+00  -0.46172E+00
       GC_203 =  -0.00000E+00  -0.37035E+00
       GC_263 =  -0.00000E+00  -0.55024E-01
       GC_264 =   0.00000E+00   0.11005E+00
       GC_351 =  -0.34821E-14   0.00000E+00
       GC_352 =   0.00000E+00   0.17410E-14
       GC_357 =  -0.92089E-14   0.00000E+00
       GC_358 =   0.00000E+00   0.76741E-14
       GC_365 =  -0.98488E-14   0.00000E+00
       GC_367 =  -0.61393E-14   0.00000E+00
       GC_368 =   0.00000E+00   0.73866E-14
       GC_369 =   0.00000E+00   0.46045E-14
       GC_441 =   0.49314E-14   0.00000E+00
       GC_442 =  -0.00000E+00  -0.41095E-14
       GC_451 =  -0.32876E-14   0.00000E+00
       GC_452 =   0.00000E+00   0.24657E-14
       GC_504 =  -0.11197E-11   0.00000E+00
       GC_506 =   0.00000E+00   0.97970E-12
       GC_524 =   0.00000E+00   0.20207E-11
       GC_566 =  -0.00000E+00  -0.16977E-01
      GC_1025 =  -0.00000E+00  -0.70165E+00

 Collider parameters:
 --------------------

 Running at P P   machine @    13000.000000000000       GeV
 PDF set = lhapdf 
 alpha_s(Mz)= 0.1180 running at 3 loops.
 alpha_s(Mz)= 0.1180 running at 3 loops.
 Renormalization scale set on event-by-event basis
 Factorization   scale set on event-by-event basis


 getting user params
Enter number of events and max and min iterations: 
 Number of events and iterations         2000           8           3
Enter desired fractional accuracy: 
 Desired fractional accuracy:    1.0000000000000000E-002
Enter 0 for fixed, 2 for adjustable grid: 
Suppress amplitude (0 no, 1 yes)? 
 Using suppressed amplitude.
Exact helicity sum (0 yes, n = number/event)? 
 Explicitly summing over helicities
Enter Configuration Number: 
Running Configuration Number:    5
 Using dconfig=           6
 BW Setting            0           2           0
 Attempting mappinvarients           1           5
 Completed mapping           5
 about to integrate            7        2000           8           3           7           1
 Using non-zero grid deformation.
  7 dimensions   2000 events  7 invarients  8 iterations  1 config(s),  (0.99)
 Using h-tuple random number sequence.
 Error opening grid
 Using Uniform Grid!          20
 Using uniform alpha   1.0000000000000000     
 Grid defined OK
 Set CM energy to      13000.00
 Mapping Graph           5  to config           5
Setting grid   1    0.17660E-03   1
Setting grid   2    0.70641E-03   1
 Transforming s_hat 1/s            6   7.4789627455621312E-004   100.00000000000000        168999999.99999997     
   5   1   2   3   4   5   6   7
 Masses: 0.000E+00 0.000E+00 0.173E+03 0.173E+03 0.000E+00
Using random seed offsets     5 :      3
  with seed                   24
 Ranmar initialization seeds       31063        9400
 
 ********************************************
 * You are using the DiscreteSampler module *
 *      part of the MG5_aMC framework       *
 *         Author: Valentin Hirschi         *
 ********************************************
 
  Particle       3       4       5
      Et >     0.0     0.0    10.0
       E >     0.0     0.0     0.0
     Eta <    -1.0    -1.0    -1.0
   xqcut:      0.0     0.0    10.0
d R # 3  >    -0.0     0.0     0.0
d R # 4  >    -0.0    -0.0     0.0
s min # 3>     0.0     0.0     0.0
s min # 4>     0.0     0.0     0.0
xqcutij # 3>     0.0     0.0     0.0
xqcutij # 4>     0.0     0.0     0.0
 No cut BW           -1           1
 Excluding BW           -2           2
 alpha_s for scale    1257.8899375210362       is    8.4679421066393284E-002
 Added good helicity            1   7.1530603771221141E-002  in event            1 local:           1
 Added good helicity            2   1.3039208860849395E-002  in event            1 local:           1
 Added good helicity            3   5.0501509340077744E-002  in event            1 local:           1
 Added good helicity            4   2.0602207674657556E-002  in event            1 local:           1
 Added good helicity            5  0.12957854633256946       in event            1 local:           1
 Added good helicity            6   4.9639458741131195E-002  in event            1 local:           1
 Added good helicity            7   9.5420284727529001       in event            1 local:           1
 Added good helicity            8   8.8872894465251768       in event            1 local:           1
 Added good helicity           25   6.2398451254174798       in event            1 local:           1
 Added good helicity           26   6.6920459920106472       in event            1 local:           1
 Added good helicity           27   3.9290742076930833E-002  in event            1 local:           1
 Added good helicity           28  0.12096633844976258       in event            1 local:           1
 Added good helicity           29   1.6691244802023334E-002  in event            1 local:           1
 Added good helicity           30   4.2953510315769564E-002  in event            1 local:           1
 Added good helicity           31   1.2877376875044196E-002  in event            1 local:           1
 Added good helicity           32   7.1120216053751684E-002  in event            1 local:           1
 Added good helicity            1   7.1530603771221460E-002  in event            1 local:           1
 Added good helicity            2   1.3039208860849501E-002  in event            1 local:           1
 Added good helicity            3   5.0501509340077737E-002  in event            1 local:           1
 Added good helicity            4   2.0602207674657591E-002  in event            1 local:           1
 Added good helicity            5  0.12957854633256949       in event            1 local:           1
 Added good helicity            6   4.9639458741131168E-002  in event            1 local:           1
 Added good helicity            7   9.5420284727529054       in event            1 local:           1
 Added good helicity            8   8.8872894465251822       in event            1 local:           1
 Added good helicity           25   6.2398451254174798       in event            1 local:           1
 Added good helicity           26   6.6920459920106437       in event            1 local:           1
 Added good helicity           27   3.9290742076930785E-002  in event            1 local:           1
 Added good helicity           28  0.12096633844976261       in event            1 local:           1
 Added good helicity           29   1.6691244802023331E-002  in event            1 local:           1
 Added good helicity           30   4.2953510315769480E-002  in event            1 local:           1
 Added good helicity           31   1.2877376875044278E-002  in event            1 local:           1
 Added good helicity           32   7.1120216053751920E-002  in event            1 local:           1
 RESET CUMULATIVE VARIABLE
 RESET CUMULATIVE VARIABLE
 RESET CUMULATIVE VARIABLE
 Iteration  1   Mean: 0.2581E-02 Abs mean: 0.2581E-02   Fluctuation:  0.287E-03   0.303E+00    69.3%
  1    0.2581E-02 0.2581E-02 +- 0.2869E-03      4.97
 Writing out events   2.3267139224473979E-007   4.9716117673704412     
 Relative summed weights:
  0.1497E+00  0.1348E+00  0.8499E-01  0.9706E-01
  0.1581E+00  0.1728E+00  0.7475E-01  0.1279E+00
 Relative number of events:
  0.8711E-01  0.8860E-01  0.1145E+00  0.1294E+00
  0.1399E+00  0.1259E+00  0.1558E+00  0.1588E+00
 Events:
         175         178         230         260
         281         253         313         319
 Iteration  2   Mean: 0.3312E-02 Abs mean: 0.3312E-02   Fluctuation:  0.176E-03   0.242E+00    77.4%
  2    0.3312E-02 0.3312E-02 +- 0.1759E-03      3.36
 Relative summed weights:
  0.1459E+00  0.1405E+00  0.1208E+00  0.9834E-01
  0.1186E+00  0.1118E+00  0.1214E+00  0.1425E+00
 Relative number of events:
  0.9925E-01  0.1065E+00  0.1227E+00  0.1130E+00
  0.1527E+00  0.1455E+00  0.1358E+00  0.1245E+00
 Events:
         397         426         491         452
         611         582         543         498
 Iteration  3   Mean: 0.3379E-02 Abs mean: 0.3379E-02   Fluctuation:  0.808E-04   0.169E+00    79.2%
  3    0.3379E-02 0.3379E-02 +- 0.8077E-04      2.14
 Relative summed weights:
  0.1521E+00  0.1173E+00  0.1092E+00  0.1145E+00
  0.1348E+00  0.1286E+00  0.1158E+00  0.1278E+00
 Relative number of events:
  0.1014E+00  0.9700E-01  0.1100E+00  0.1046E+00
  0.1549E+00  0.1580E+00  0.1395E+00  0.1346E+00
 Events:
         811         776         880         837
        1239        1264        1116        1077
Thanks for using LHAPDF 6.2.1. Please make sure to cite the paper:
  Eur.Phys.J. C75 (2015) 3, 132  (http://arxiv.org/abs/1412.7420)
 Accuracy:    0.032   0.010   0.021   2.223
 Found          949  events.
 Wrote          326  events.
 Actual xsec    3.3383741062285063E-003
 Correct abs xsec    3.3383741062285063E-003
 Event xsec    3.3383741062285614E-003
 Events wgts > 1:            7
 % Cross section > 1:    2.4667625451155215E-005  0.73891135823069287     
 Iteration  4   Mean: 0.3478E-02 Abs mean: 0.3478E-02   Fluctuation:  0.454E-04   0.832E-01    80.5%
  4    0.3478E-02 0.3478E-02 +- 0.4537E-04      1.65
 Relative summed weights:
  0.1230E+00  0.1272E+00  0.1154E+00  0.1231E+00
  0.1336E+00  0.1351E+00  0.1213E+00  0.1213E+00
 Relative number of events:
  0.9650E-01  0.9631E-01  0.1099E+00  0.1088E+00
  0.1618E+00  0.1577E+00  0.1361E+00  0.1329E+00
 Events:
        1544        1541        1759        1741
        2588        2523        2178        2126
 Accuracy:    0.017   0.010   0.011   2.276
 Found         1994  events.
 Wrote         1439  events.
 Actual xsec    3.4492208489091234E-003
 Correct abs xsec    3.4492208489091234E-003
 Event xsec    3.4492208489091008E-003
 Events wgts > 1:           52
 % Cross section > 1:    3.4136135582728990E-005  0.98967671477242070     
 Iteration  5   Mean: 0.3463E-02 Abs mean: 0.3463E-02   Fluctuation:  0.270E-04   0.603E-01    79.2%
  5    0.3463E-02 0.3463E-02 +- 0.2695E-04      1.39
 Relative summed weights:
  0.1315E+00  0.1337E+00  0.1170E+00  0.1209E+00
  0.1306E+00  0.1303E+00  0.1224E+00  0.1137E+00
 Relative number of events:
  0.1001E+00  0.1013E+00  0.1052E+00  0.1100E+00
  0.1628E+00  0.1598E+00  0.1324E+00  0.1285E+00
 Events:
        3202        3240        3368        3520
        5209        5113        4236        4112
 Accuracy:    0.008   0.010   0.006   1.750
 Finished due to accuracy    8.4391316770680846E-003   1.0000000000000000E-002

 -------------------------------------------------------------------------------
 Accumulated results:   Integral =  0.3456E-02
                        Std dev  =  0.2205E-04
                       Cross sec =  0.3456E-02
             Chi**2 per DoF.     =      1.7500
 -------------------------------------------------------------------------------
 Found         3961  events.
 Wrote         3956  events.
 Actual xsec    3.4607880808226964E-003
 Correct abs xsec    3.4607880808226964E-003
 Event xsec    3.4607880808225550E-003
 Events wgts > 1:          113
 % Cross section > 1:    2.3780327367607133E-005  0.68713619014646687     
-------------------------------------------------
---------------------------
 Results Last   3 iters: Integral =   0.3461E-02
                     Abs integral =   0.3461E-02
                          Std dev =   0.2228E-04
                  Chi**2 per DoF. =      0.5958
-------------------------------------------------
---------------------------
 Status   1.0000000000000000E-002           6           8

ls status:
events.lhe
ftn26
input_app.txt
results.dat
run1_app.log
