 Parameter mdl_mb               has been read with value 4.180000e+00        
 Parameter mdl_mt               has been read with value 1.727600e+02        
 Parameter mdl_mz               has been read with value 9.118760e+01        
 Parameter mdl_mh               has been read with value 1.250900e+02        
 Parameter mdl_ctgre            has been read with value 1.000000e-11        
 Parameter mdl_ctwre            has been read with value 3.000000e-11        
 Parameter mdl_ctbre            has been read with value 5.000000e-11        
 Parameter mdl_cht              has been read with value 9.000000e-11        
 Parameter mdl_chtbre           has been read with value 7.000000e-11        
 Parameter mdl_cqj11            has been read with value 1.700000e-11        
 Parameter mdl_cqj18            has been read with value 1.500000e-11        
 Parameter mdl_cqj31            has been read with value 1.800000e-11        
 Parameter mdl_cqj38            has been read with value 1.600000e-11        
 Parameter mdl_cqq8             has been read with value 1.000000e-10        
 Parameter mdl_ctu1             has been read with value 2.600000e-11        
 Parameter mdl_ctu8             has been read with value 2.100000e-11        
 Parameter mdl_ctd1             has been read with value 2.700000e-11        
 Parameter mdl_ctd8             has been read with value 2.200000e-11        
 Parameter mdl_cqu1             has been read with value 2.800000e-11        
 Parameter mdl_cqu8             has been read with value 2.400000e-11        
 Parameter mdl_cqt1             has been read with value 1.000000e-10        
 Parameter mdl_cqd1             has been read with value 2.900000e-11        
 Parameter mdl_cqd8             has been read with value 2.500000e-11        
 Parameter mdl_ctgim            has been read with value 2.000000e-11        
 Parameter mdl_ctwim            has been read with value 4.000000e-11        
 Parameter mdl_ctbim            has been read with value 6.000000e-11        
 Parameter mdl_chtbim           has been read with value 8.000000e-11        
 Parameter mdl_lambdasmeft      has been read with value 1.000000e+03        
 Parameter mdl_mw               has been read with value 8.038700e+01        
 Parameter mdl_gf               has been read with value 1.166379e-05        
 Parameter as                   has been read with value 1.179000e-01        
 Parameter mdl_ymb              has been read with value 4.180000e+00        
 Parameter mdl_ymt              has been read with value 1.727600e+02        
 Parameter mdl_wt               has been read with value 1.485332e+00        
 Parameter mdl_wz               has been read with value 2.495200e+00        
 Parameter mdl_ww               has been read with value 2.045613e+00        
 Parameter mdl_wh               has been read with value 4.070000e-03        
