==== LHAPDF6 USING DEFAULT-TYPE LHAGLUE INTERFACE ====
LHAPDF 6.2.1 loading /cvmfs/cms.cern.ch/slc7_amd64_gcc700/external/lhapdf/6.2.1-pafccj3/share/LHAPDF/NNPDF31_nnlo_as_0118_mc_hessian_pdfas/NNPDF31_nnlo_as_0118_mc_hessian_pdfas_0000.dat
NNPDF31_nnlo_as_0118_mc_hessian_pdfas PDF set, member #0, version 1; LHAPDF ID = 325300
 Process in group number            0
 A PDF is used, so alpha_s(MZ) is going to be modified
 Old value of alpha_s from param_card:   0.11790000000000000     
 New value of alpha_s from PDF lhapdf :  0.11800208008122040     
 using LHAPDF
 Warning! ptj set to xqcut=   10.000000000000000       to improve integration efficiency
 Note that this might affect non-radiated jets,
 e.g. from decays. Use cut_decays=F in run_card.
 Warning! mmjj set to xqcut=   10.000000000000000       to improve integration efficiency
 Note that this might affect non-radiated jets,
 e.g. from decays. Use cut_decays=F in run_card.
 Define smin to   0.0000000000000000     
 *****************************************************
 *               MadGraph/MadEvent                   *
 *        --------------------------------           *
 *          http://madgraph.hep.uiuc.edu             *
 *          http://madgraph.phys.ucl.ac.be           *
 *          http://madgraph.roma2.infn.it            *
 *        --------------------------------           *
 *                                                   *
 *          PARAMETER AND COUPLING VALUES            *
 *                                                   *
 *****************************************************

  External Params
  ---------------------------------
  
 mdl_ctGRe =    9.9999999999999994E-012
 mdl_ctWRe =    3.0000000000000000E-011
 mdl_ctBRe =    5.0000000000000002E-011
 mdl_cHt =    8.9999999999999999E-011
 mdl_cHtbRe =    7.0000000000000004E-011
 mdl_cQj11 =    1.6999999999999999E-011
 mdl_cQj18 =    1.5000000000000000E-011
 mdl_cQj31 =    1.7999999999999999E-011
 mdl_cQj38 =    1.6000000000000000E-011
 mdl_cQQ8 =    1.0000000000000000E-010
 mdl_ctu1 =    2.6000000000000001E-011
 mdl_ctu8 =    2.0999999999999999E-011
 mdl_ctd1 =    2.7000000000000000E-011
 mdl_ctd8 =    2.2000000000000002E-011
 mdl_cQu1 =    2.8000000000000000E-011
 mdl_cQu8 =    2.4000000000000001E-011
 mdl_cQt1 =    1.0000000000000000E-010
 mdl_cQd1 =    2.9000000000000000E-011
 mdl_cQd8 =    2.5000000000000001E-011
 mdl_ctGIm =    1.9999999999999999E-011
 mdl_ctWIm =    3.9999999999999998E-011
 mdl_ctBIm =    6.0000000000000000E-011
 mdl_cHtbIm =    7.9999999999999995E-011
 mdl_LambdaSMEFT =    1000.0000000000000     
 mdl_MW =    80.387000000000000     
 mdl_Gf =    1.1663789999999999E-005
 aS =   0.11790000000000000     
 mdl_ymb =    4.1799999999999997     
 mdl_ymt =    172.75999999999999     
 mdl_MZ =    91.187600000000003     
 mdl_MT =    172.75999999999999     
 mdl_MB =    4.1799999999999997     
 mdl_MH =    125.09000000000000     
 mdl_WZ =    2.4952000000000001     
 mdl_WW =    2.0850000000000000     
 mdl_WT =    1.3300000000000001     
 mdl_WH =    4.0699999999999998E-003
  Internal Params
  ---------------------------------
  
 mdl_cQt8 =    3.0000000000000000E-011
 mdl_cHQ3 =    0.0000000000000000     
 mdl_cH =    0.0000000000000000     
 mdl_conjg__cbH =    0.0000000000000000     
 mdl_dGf =    0.0000000000000000     
 mdl_cbWRe =    0.0000000000000000     
 mdl_dMH2 =    0.0000000000000000     
 mdl_conjg__ctHH =    0.0000000000000000     
 mdl_dg1 =    0.0000000000000000     
 mdl_cHB =    0.0000000000000000     
 mdl_cHW =    0.0000000000000000     
 mdl_dgw =    0.0000000000000000     
 mdl_complexi =                (0.0000000000000000,1.0000000000000000)
 mdl_ctG =    (9.99999999999999939E-012,1.99999999999999988E-011)
 mdl_ctW =    (2.99999999999999998E-011,3.99999999999999976E-011)
 mdl_ctB =    (5.00000000000000018E-011,5.99999999999999996E-011)
 mdl_cHtb =    (7.00000000000000038E-011,7.99999999999999952E-011)
 mdl_MWsm =    80.387000000000000     
 mdl_MW__exp__2 =    6462.0697689999997     
 mdl_MZ__exp__2 =    8315.1783937600012     
 mdl_sqrt__2 =    1.4142135623730951     
 mdl_nb__2__exp__0_25 =    1.1892071150027210     
 mdl_MH__exp__2 =    15647.508100000001     
 mdl_sth2 =   0.22285855299877133     
 mdl_nb__10__exp___m_40 =    9.9999999999999993E-041
 mdl_MZ1 =    91.187600000000003     
 mdl_MH1 =    125.09000000000000     
 mdl_MT1 =    172.75999999999999     
 mdl_WZ1 =    2.4952000000000001     
 mdl_WW1 =    2.0850000000000000     
 mdl_WH1 =    4.0699999999999998E-003
 mdl_WT1 =    1.3300000000000001     
 mdl_cth =   0.88155626422890820     
 mdl_MW1 =    80.387000000000000     
 mdl_sqrt__sth2 =   0.47207896902824564     
 mdl_sth =   0.47207896902824564     
 mdl_LambdaSMEFT__exp__2 =    1000000.0000000000     
 mdl_MT__exp__2 =    29846.017599999996     
 mdl_MH__exp__6 =    3831206449390.3818     
 mdl_MWsm__exp__6 =    269845343347.69711     
 mdl_MH__exp__4 =    244844509.73956564     
 mdl_MWsm__exp__4 =    41758345.699423708     
 mdl_MWsm__exp__2 =    6462.0697689999997     
 mdl_MZ__exp__4 =    69142191.720053151     
 mdl_MZ__exp__6 =    574929658687.79749     
 mdl_cth__exp__2 =   0.77714144700122867     
 mdl_sth__exp__2 =   0.22285855299877130     
 mdl_MB__exp__2 =    17.472399999999997     
 mdl_MZ__exp__3 =    758241.16129882948     
 mdl_sth__exp__4 =    4.9665934644706158E-002
 mdl_sth__exp__6 =    1.1068478328250760E-002
 mdl_sth__exp__3 =   0.10520683593878660     
 mdl_sth__exp__5 =    2.3446243222897113E-002
 mdl_cth__exp__3 =   0.68509391079585125     
 mdl_aEW =    7.5614618607353409E-003
 mdl_sqrt__Gf =    3.4152291284773265E-003
 mdl_vevhat =    246.21961912951551     
 mdl_lam =   0.12905352724481209     
 mdl_sqrt__aEW =    8.6956666568672819E-002
 mdl_ee =   0.30825335704310214     
 mdl_yb =    2.4008698866559607E-002
 mdl_yt =   0.99228297037962632     
 mdl_vevhat__exp__2 =    60624.100844283676     
 mdl_vevT =    246.21961912951551     
 mdl_g1 =   0.34966952144878632     
 mdl_gw =   0.65296989967087182     
 mdl_yb0 =          (2.40086988665596072E-002,0.0000000000000000)
 mdl_yt0 =               (0.99228297037962632,0.0000000000000000)
 mdl_ee__exp__2 =    9.5020132128342205E-002
 mdl_gHaa =   -1.9312250240531351E-003
 mdl_gHza =   -6.8562264784117729E-003
 mdl_barlam =   0.12905352724481209     
 mdl_dWT =   -6.5076395941683845E-012
 mdl_gwsh =   0.65296989967087182     
 mdl_vev =    246.21961912951551     
 mdl_g1sh =   0.34966952144878632     
 mdl_ee__exp__3 =    2.9290274715240611E-002
 mdl_vevhat__exp__3 =    14926843.019948866     
  Internal Params evaluated point by point
  ----------------------------------------
  
 mdl_sqrt__aS =   0.34336569426778790     
 mdl_gHgg2 =   -3.6486270703817007E-004
 mdl_gHgg4 =    1.0424648772519146E-004
 mdl_gHgg5 =    1.8764367790534461E-003
 mdl_G__exp__2 =    1.4815750954329465     
 mdl_gHgg1 =    3.1273946317557436E-003
 mdl_gHgg3 =    7.6133275785037098E-004
 mdl_G__exp__3 =                (1.8033727530176447,0.0000000000000000)
  Couplings of SMEFTsim_topU3l_MwScheme_UFO-massless_2t
  ---------------------------------
  
       GC_385 =   0.00000E+00   0.42384E-14
       GC_386 =   0.21192E-14   0.00000E+00
         GC_6 =  -0.00000E+00  -0.12172E+01
         GC_7 =   0.12172E+01   0.00000E+00
         GC_8 =   0.00000E+00   0.14816E+01
        GC_64 =   0.00000E+00   0.29000E-16
        GC_65 =   0.00000E+00   0.25000E-16
        GC_67 =   0.00000E+00   0.17000E-16
        GC_68 =   0.00000E+00   0.15000E-16
        GC_69 =  -0.00000E+00  -0.18000E-16
        GC_70 =   0.00000E+00   0.18000E-16
        GC_72 =  -0.00000E+00  -0.16000E-16
        GC_73 =   0.00000E+00   0.16000E-16
        GC_80 =   0.00000E+00   0.20000E-15
        GC_81 =   0.00000E+00   0.10000E-15
        GC_82 =   0.00000E+00   0.30000E-16
        GC_91 =   0.00000E+00   0.28000E-16
        GC_92 =   0.00000E+00   0.24000E-16
        GC_95 =   0.00000E+00   0.27000E-16
        GC_96 =   0.00000E+00   0.22000E-16
        GC_98 =  -0.14142E-16   0.00000E+00
        GC_99 =   0.00000E+00   0.70711E-17
       GC_116 =   0.00000E+00   0.26000E-16
       GC_117 =   0.00000E+00   0.21000E-16
         GC_1 =   0.00000E+00   0.10275E+00
         GC_2 =  -0.00000E+00  -0.20550E+00
       GC_202 =  -0.00000E+00  -0.46172E+00
       GC_203 =  -0.00000E+00  -0.37035E+00
       GC_263 =  -0.00000E+00  -0.55024E-01
       GC_264 =   0.00000E+00   0.11005E+00
       GC_351 =  -0.34821E-14   0.00000E+00
       GC_352 =   0.00000E+00   0.17410E-14
       GC_357 =  -0.92089E-14   0.00000E+00
       GC_358 =   0.00000E+00   0.76741E-14
       GC_365 =  -0.98488E-14   0.00000E+00
       GC_367 =  -0.61393E-14   0.00000E+00
       GC_368 =   0.00000E+00   0.73866E-14
       GC_369 =   0.00000E+00   0.46045E-14
       GC_441 =   0.49314E-14   0.00000E+00
       GC_442 =  -0.00000E+00  -0.41095E-14
       GC_451 =  -0.32876E-14   0.00000E+00
       GC_452 =   0.00000E+00   0.24657E-14
       GC_504 =  -0.11197E-11   0.00000E+00
       GC_506 =   0.00000E+00   0.97970E-12
       GC_524 =   0.00000E+00   0.20207E-11
       GC_566 =  -0.00000E+00  -0.16977E-01
      GC_1025 =  -0.00000E+00  -0.70165E+00

 Collider parameters:
 --------------------

 Running at P P   machine @    13000.000000000000       GeV
 PDF set = lhapdf 
 alpha_s(Mz)= 0.1180 running at 3 loops.
 alpha_s(Mz)= 0.1180 running at 3 loops.
 Renormalization scale set on event-by-event basis
 Factorization   scale set on event-by-event basis


 getting user params
Enter number of events and max and min iterations: 
 Number of events and iterations         2000           8           3
Enter desired fractional accuracy: 
 Desired fractional accuracy:    1.0000000000000000E-002
Enter 0 for fixed, 2 for adjustable grid: 
Suppress amplitude (0 no, 1 yes)? 
 Using suppressed amplitude.
Exact helicity sum (0 yes, n = number/event)? 
 Explicitly summing over helicities
Enter Configuration Number: 
Running Configuration Number:    3
 Not subdividing B.W.
 Attempting mappinvarients           1           4
 Completed mapping           4
 about to integrate            4        2000           8           3           4           1
 Using non-zero grid deformation.
  4 dimensions   2000 events  4 invarients  8 iterations  1 config(s),  (0.99)
 Using h-tuple random number sequence.
 Error opening grid
 Using Uniform Grid!          20
 Using uniform alpha   1.0000000000000000     
 Grid defined OK
 Set CM energy to      13000.00
 Mapping Graph           3  to config           3
Setting grid   1    0.70641E-03   1
 Transforming s_hat 1/s            3   7.0641461775147935E-004   0.0000000000000000        168999999.99999997     
   3   1   2   3   4
 Masses: 0.418E+01 0.418E+01 0.173E+03 0.173E+03
Using random seed offsets     3 :      5
  with seed                   24
 Ranmar initialization seeds       31061        9402
 
 ********************************************
 * You are using the DiscreteSampler module *
 *      part of the MG5_aMC framework       *
 *         Author: Valentin Hirschi         *
 ********************************************
 
  Particle       3       4
      Et >     0.0     0.0
       E >     0.0     0.0
     Eta <    -1.0    -1.0
   xqcut:      0.0     0.0
d R # 3  >    -0.0     0.0
s min # 3>     0.0     0.0
xqcutij # 3>     0.0     0.0
 alpha_s for scale    177.79704412735578       is   0.10721027668176755     
 Added good helicity            1   5.8480165455015319E-005  in event            1 local:           1
 Added good helicity            2   2.0901239232264082E-003  in event            1 local:           1
 Added good helicity            3   2.0901239232264455E-003  in event            1 local:           1
 Added good helicity            4  0.34541823905742253       in event            1 local:           1
 Added good helicity            5   2.5528514073311257E-005  in event            1 local:           1
 Added good helicity            6   1.0571114502374580E-004  in event            1 local:           1
 Added good helicity            7   4.7816967758601708E-005  in event            1 local:           1
 Added good helicity            8   2.8925515313593043E-006  in event            1 local:           1
 Added good helicity            9   2.5528514073353229E-005  in event            1 local:           1
 Added good helicity           10   4.7816967759916933E-005  in event            1 local:           1
 Added good helicity           11   1.0571114502329897E-004  in event            1 local:           1
 Added good helicity           12   2.8925515314021608E-006  in event            1 local:           1
 Added good helicity           13   15.247704700555895       in event            1 local:           1
 Added good helicity           14  0.19633959512006396       in event            1 local:           1
 Added good helicity           15  0.19633959512004723       in event            1 local:           1
 Added good helicity           16   9.5952437778897420E-003  in event            1 local:           1
 Added good helicity            1   5.8480165455015319E-005  in event            1 local:           1
 Added good helicity            2   2.0901239232264139E-003  in event            1 local:           1
 Added good helicity            3   2.0901239232264399E-003  in event            1 local:           1
 Added good helicity            4  0.34541823905742236       in event            1 local:           1
 Added good helicity            5   2.5528514073311297E-005  in event            1 local:           1
 Added good helicity            6   1.0571114502374581E-004  in event            1 local:           1
 Added good helicity            7   4.7816967758601667E-005  in event            1 local:           1
 Added good helicity            8   2.8925515313593005E-006  in event            1 local:           1
 Added good helicity            9   2.5528514073353171E-005  in event            1 local:           1
 Added good helicity           10   4.7816967759916926E-005  in event            1 local:           1
 Added good helicity           11   1.0571114502329892E-004  in event            1 local:           1
 Added good helicity           12   2.8925515314021629E-006  in event            1 local:           1
 Added good helicity           13   15.247704700555895       in event            1 local:           1
 Added good helicity           14  0.19633959512006366       in event            1 local:           1
 Added good helicity           15  0.19633959512004737       in event            1 local:           1
 Added good helicity           16   9.5952437778897420E-003  in event            1 local:           1
 RESET CUMULATIVE VARIABLE
 RESET CUMULATIVE VARIABLE
 RESET CUMULATIVE VARIABLE
 Iteration  1   Mean: 0.5786E+00 Abs mean: 0.5786E+00   Fluctuation:  0.290E-01   0.103E+02   100.0%
  1    0.5786E+00 0.5786E+00 +- 0.2904E-01      2.24
 Writing out events   3.6179645329843105E-005   2.2447292330247679     
 Relative summed weights:
  0.5111E+00  0.4889E+00
 Relative number of events:
  0.4948E+00  0.5052E+00
 Events:
        1006        1027
 Iteration  2   Mean: 0.6260E+00 Abs mean: 0.6260E+00   Fluctuation:  0.111E-01   0.456E+01    99.9%
  2    0.6260E+00 0.6260E+00 +- 0.1107E-01      1.12
 Relative summed weights:
  0.4943E+00  0.5057E+00
 Relative number of events:
  0.4980E+00  0.5020E+00
 Events:
        1992        2008
 Iteration  3   Mean: 0.6182E+00 Abs mean: 0.6182E+00   Fluctuation:  0.472E-02   0.218E+01   100.0%
  3    0.6182E+00 0.6182E+00 +- 0.4719E-02      0.68
 Relative summed weights:
  0.5018E+00  0.4982E+00
 Relative number of events:
  0.4956E+00  0.5044E+00
 Events:
        3965        4035
 Accuracy:    0.007   0.010   0.007   1.064
 Finished due to accuracy    7.1604399705476876E-003   1.0000000000000000E-002

 -------------------------------------------------------------------------------
 Accumulated results:   Integral =  0.6187E+00
                        Std dev  =  0.4294E-02
                       Cross sec =  0.6187E+00
             Chi**2 per DoF.     =      1.0643
 -------------------------------------------------------------------------------
 Found          815  events.
 Wrote          810  events.
 Actual xsec   0.61865621645767177     
 Correct abs xsec   0.61865621645767177     
 Event xsec   0.61865621645767854     
 Events wgts > 1:            0
 % Cross section > 1:    0.0000000000000000        0.0000000000000000     
-------------------------------------------------
---------------------------
 Results Last   3 iters: Integral =   0.6187E+00
                     Abs integral =   0.6187E+00
                          Std dev =   0.4294E-02
                  Chi**2 per DoF. =      1.1783
-------------------------------------------------
---------------------------
 Status   1.0000000000000000E-002           4           8
Thanks for using LHAPDF 6.2.1. Please make sure to cite the paper:
  Eur.Phys.J. C75 (2015) 3, 132  (http://arxiv.org/abs/1412.7420)

ls status:
events.lhe
ftn26
input_app.txt
results.dat
run1_app.log
